# JRE version: OpenJDK Runtime Environment Temurin-17.0.6+10 (17.0.6+10) (build 17.0.6+10)
# Java VM: OpenJDK 64-Bit Server VM Temurin-17.0.6+10 (17.0.6+10, mixed mode, tiered, compressed oops, compressed class ptrs, g1 gc, windows-amd64)
GC Precious Log:
 CPUs: 8 total, 8 available
 Memory: 20279M
 Large Page Support: Disabled
 NUMA Support: Disabled
 Compressed Oops: Enabled (Zero based)
 Heap Region Size: 4M
 Heap Min Capacity: 8M
 Heap Initial Capacity: 320M
 Heap Max Capacity: 5072M
 Pre-touch: Disabled
 Parallel Workers: 8
 Concurrent Workers: 2
 Concurrent Refinement Workers: 8
 Periodic GC: Disabled
Heap:
 garbage-first heap   total 2162688K, used 571999K [0x00000006c3000000, 0x0000000800000000)
  region size 4096K, 6 young (24576K), 6 survivors (24576K)
 Metaspace       used 6283K, committed 6464K, reserved 1056768K
  class space    used 543K, committed 640K, reserved 1048576K
GC Heap History (20 events):
Event: 260.770 GC heap after
{Heap after GC invocations=40 (full 0):
 garbage-first heap   total 2162688K, used 450645K [0x00000006c3000000, 0x0000000800000000)
  region size 4096K, 6 young (24576K), 6 survivors (24576K)
 Metaspace       used 6283K, committed 6464K, reserved 1056768K
  class space    used 543K, committed 640K, reserved 1048576K
}
Event: 264.006 GC heap before
{Heap before GC invocations=40 (full 0):
 garbage-first heap   total 2162688K, used 532565K [0x00000006c3000000, 0x0000000800000000)
  region size 4096K, 26 young (106496K), 6 survivors (24576K)
 Metaspace       used 6283K, committed 6464K, reserved 1056768K
  class space    used 543K, committed 640K, reserved 1048576K
}
Event: 264.302 GC heap after
{Heap after GC invocations=41 (full 0):
 garbage-first heap   total 2162688K, used 457338K [0x00000006c3000000, 0x0000000800000000)
  region size 4096K, 2 young (8192K), 2 survivors (8192K)
 Metaspace       used 6283K, committed 6464K, reserved 1056768K
  class space    used 543K, committed 640K, reserved 1048576K
}
Event: 275.173 GC heap before
{Heap before GC invocations=41 (full 0):
 garbage-first heap   total 2162688K, used 752250K [0x00000006c3000000, 0x0000000800000000)
  region size 4096K, 74 young (303104K), 2 survivors (8192K)
 Metaspace       used 6283K, committed 6464K, reserved 1056768K
  class space    used 543K, committed 640K, reserved 1048576K
}
Event: 275.326 GC heap after
{Heap after GC invocations=42 (full 0):
 garbage-first heap   total 2162688K, used 472752K [0x00000006c3000000, 0x0000000800000000)
  region size 4096K, 6 young (24576K), 6 survivors (24576K)
 Metaspace       used 6283K, committed 6464K, reserved 1056768K
  class space    used 543K, committed 640K, reserved 1048576K
}
Event: 278.254 GC heap before
{Heap before GC invocations=42 (full 0):
 garbage-first heap   total 2162688K, used 554672K [0x00000006c3000000, 0x0000000800000000)
  region size 4096K, 26 young (106496K), 6 survivors (24576K)
 Metaspace       used 6283K, committed 6464K, reserved 1056768K
  class space    used 543K, committed 640K, reserved 1048576K
}
Event: 278.536 GC heap after
{Heap after GC invocations=43 (full 0):
 garbage-first heap   total 2162688K, used 479646K [0x00000006c3000000, 0x0000000800000000)
  region size 4096K, 2 young (8192K), 2 survivors (8192K)
 Metaspace       used 6283K, committed 6464K, reserved 1056768K
  class space    used 543K, committed 640K, reserved 1048576K
}
Event: 291.806 GC heap before
{Heap before GC invocations=43 (full 0):
 garbage-first heap   total 2162688K, used 819614K [0x00000006c3000000, 0x0000000800000000)
  region size 4096K, 85 young (348160K), 2 survivors (8192K)
 Metaspace       used 6283K, committed 6464K, reserved 1056768K
  class space    used 543K, committed 640K, reserved 1048576K
}
Event: 292.143 GC heap after
{Heap after GC invocations=44 (full 0):
 garbage-first heap   total 2162688K, used 497325K [0x00000006c3000000, 0x0000000800000000)
  region size 4096K, 7 young (28672K), 7 survivors (28672K)
 Metaspace       used 6283K, committed 6464K, reserved 1056768K
  class space    used 543K, committed 640K, reserved 1048576K
}
Event: 295.170 GC heap before
{Heap before GC invocations=44 (full 0):
 garbage-first heap   total 2162688K, used 575149K [0x00000006c3000000, 0x0000000800000000)
  region size 4096K, 26 young (106496K), 7 survivors (28672K)
 Metaspace       used 6283K, committed 6464K, reserved 1056768K
  class space    used 543K, committed 640K, reserved 1048576K
}
Event: 295.524 GC heap after
{Heap after GC invocations=45 (full 0):
 garbage-first heap   total 2162688K, used 504166K [0x00000006c3000000, 0x0000000800000000)
  region size 4096K, 2 young (8192K), 2 survivors (8192K)
 Metaspace       used 6283K, committed 6464K, reserved 1056768K
  class space    used 543K, committed 640K, reserved 1048576K
}
Event: 308.255 GC heap before
{Heap before GC invocations=45 (full 0):
 garbage-first heap   total 2162688K, used 835942K [0x00000006c3000000, 0x0000000800000000)
  region size 4096K, 83 young (339968K), 2 survivors (8192K)
 Metaspace       used 6283K, committed 6464K, reserved 1056768K
  class space    used 543K, committed 640K, reserved 1048576K
}
Event: 308.483 GC heap after
{Heap after GC invocations=46 (full 0):
 garbage-first heap   total 2162688K, used 521514K [0x00000006c3000000, 0x0000000800000000)
  region size 4096K, 6 young (24576K), 6 survivors (24576K)
 Metaspace       used 6283K, committed 6464K, reserved 1056768K
  class space    used 543K, committed 640K, reserved 1048576K
}
Event: 311.716 GC heap before
{Heap before GC invocations=46 (full 0):
 garbage-first heap   total 2162688K, used 603434K [0x00000006c3000000, 0x0000000800000000)
  region size 4096K, 26 young (106496K), 6 survivors (24576K)
 Metaspace       used 6283K, committed 6464K, reserved 1056768K
  class space    used 543K, committed 640K, reserved 1048576K
}
Event: 311.908 GC heap after
{Heap after GC invocations=47 (full 0):
 garbage-first heap   total 2162688K, used 527853K [0x00000006c3000000, 0x0000000800000000)
  region size 4096K, 2 young (8192K), 2 survivors (8192K)
 Metaspace       used 6283K, committed 6464K, reserved 1056768K
  class space    used 543K, committed 640K, reserved 1048576K
}
Event: 326.793 GC heap before
{Heap before GC invocations=47 (full 0):
 garbage-first heap   total 2162688K, used 904685K [0x00000006c3000000, 0x0000000800000000)
  region size 4096K, 94 young (385024K), 2 survivors (8192K)
 Metaspace       used 6283K, committed 6464K, reserved 1056768K
  class space    used 543K, committed 640K, reserved 1048576K
}
Event: 327.126 GC heap after
{Heap after GC invocations=48 (full 0):
 garbage-first heap   total 2162688K, used 548617K [0x00000006c3000000, 0x0000000800000000)
  region size 4096K, 7 young (28672K), 7 survivors (28672K)
 Metaspace       used 6283K, committed 6464K, reserved 1056768K
  class space    used 543K, committed 640K, reserved 1048576K
}
Event: 330.212 GC heap before
{Heap before GC invocations=48 (full 0):
 garbage-first heap   total 2162688K, used 626441K [0x00000006c3000000, 0x0000000800000000)
  region size 4096K, 26 young (106496K), 7 survivors (28672K)
 Metaspace       used 6283K, committed 6464K, reserved 1056768K
  class space    used 543K, committed 640K, reserved 1048576K
}
Event: 330.616 GC heap after
{Heap after GC invocations=49 (full 0):
 garbage-first heap   total 2162688K, used 554490K [0x00000006c3000000, 0x0000000800000000)
  region size 4096K, 2 young (8192K), 2 survivors (8192K)
 Metaspace       used 6283K, committed 6464K, reserved 1056768K
  class space    used 543K, committed 640K, reserved 1048576K
}
Event: 342.648 GC heap before
{Heap before GC invocations=49 (full 0):
 garbage-first heap   total 2162688K, used 878074K [0x00000006c3000000, 0x0000000800000000)
  region size 4096K, 81 young (331776K), 2 survivors (8192K)
 Metaspace       used 6283K, committed 6464K, reserved 1056768K
  class space    used 543K, committed 640K, reserved 1048576K
}

